

Microchip MPLAB XC8 Assembler V2.31 build 20201012212115 
                                                                                               Thu Feb 11 10:51:20 2021

Microchip MPLAB XC8 C Compiler v2.31 (Free license) build 20201012212115 Og1 
     1                           	processor	16F887
     2                           	pagewidth 120
     3                           	opt	flic
     4                           	psect	cinit,global,class=CODE,merge=1,delta=2
     5                           	psect	cstackCOMMON,global,class=COMMON,space=1,delta=1,noexec
     6                           	psect	maintext,global,class=CODE,split=1,delta=2
     7                           	psect	text1,local,class=CODE,merge=1,delta=2
     8                           	psect	intentry,global,class=CODE,delta=2
     9                           	psect	config,global,abs,ovrld,class=CONFIG,space=4,delta=2,noexec
    10                           	dabs	1,0x7E,2
    11  0000                     
    12                           ; Version 2.20
    13                           ; Generated 12/02/2020 GMT
    14                           ; 
    15                           ; Copyright © 2020, Microchip Technology Inc. and its subsidiaries ("Microchip")
    16                           ; All rights reserved.
    17                           ; 
    18                           ; This software is developed by Microchip Technology Inc. and its subsidiaries ("Microch
      +                          ip").
    19                           ; 
    20                           ; Redistribution and use in source and binary forms, with or without modification, are
    21                           ; permitted provided that the following conditions are met:
    22                           ; 
    23                           ;     1. Redistributions of source code must retain the above copyright notice, this lis
      +                          t of
    24                           ;        conditions and the following disclaimer.
    25                           ; 
    26                           ;     2. Redistributions in binary form must reproduce the above copyright notice, this 
      +                          list
    27                           ;        of conditions and the following disclaimer in the documentation and/or other
    28                           ;        materials provided with the distribution.
    29                           ; 
    30                           ;     3. Microchip's name may not be used to endorse or promote products derived from th
      +                          is
    31                           ;        software without specific prior written permission.
    32                           ; 
    33                           ; THIS SOFTWARE IS PROVIDED BY MICROCHIP "AS IS" AND ANY EXPRESS OR IMPLIED WARRANTIES,
    34                           ; INCLUDING, BUT NOT LIMITED TO, THE IMPLIED WARRANTIES OF MERCHANTABILITY AND FITNESS F
      +                          OR
    35                           ; PURPOSE ARE DISCLAIMED.  IN NO EVENT SHALL MICROCHIP BE LIABLE FOR ANY DIRECT, INDIREC
      +                          T,
    36                           ; INCIDENTAL, SPECIAL, EXEMPLARY, OR CONSEQUENTIAL DAMAGES (INCLUDING BUT NOT LIMITED TO
    37                           ; PROCUREMENT OF SUBSTITUTE GOODS OR SERVICES; LOSS OF USE, DATA OR PROFITS; OR BUSINESS
    38                           ; INTERRUPTION) HOWSOEVER CAUSED AND ON ANY THEORY OF LIABILITY, WHETHER IN CONTRACT, ST
      +                          RICT
    39                           ; LIABILITY, OR TORT (INCLUDING NEGLIGENCE OR OTHERWISE) ARISING IN ANY WAY OUT OF THE U
      +                          SE OF
    40                           ; THIS SOFTWARE, EVEN IF ADVISED OF THE POSSIBILITY OF SUCH DAMAGE.
    41                           ; 
    42                           ; 
    43                           ; Code-generator required, PIC16F887 Definitions
    44                           ; 
    45                           ; SFR Addresses
    46  0000                     	;# 
    47  0001                     	;# 
    48  0002                     	;# 
    49  0003                     	;# 
    50  0004                     	;# 
    51  0005                     	;# 
    52  0006                     	;# 
    53  0007                     	;# 
    54  0008                     	;# 
    55  0009                     	;# 
    56  000A                     	;# 
    57  000B                     	;# 
    58  000C                     	;# 
    59  000D                     	;# 
    60  000E                     	;# 
    61  000E                     	;# 
    62  000F                     	;# 
    63  0010                     	;# 
    64  0011                     	;# 
    65  0012                     	;# 
    66  0013                     	;# 
    67  0014                     	;# 
    68  0015                     	;# 
    69  0015                     	;# 
    70  0016                     	;# 
    71  0017                     	;# 
    72  0018                     	;# 
    73  0019                     	;# 
    74  001A                     	;# 
    75  001B                     	;# 
    76  001B                     	;# 
    77  001C                     	;# 
    78  001D                     	;# 
    79  001E                     	;# 
    80  001F                     	;# 
    81  0081                     	;# 
    82  0085                     	;# 
    83  0086                     	;# 
    84  0087                     	;# 
    85  0088                     	;# 
    86  0089                     	;# 
    87  008C                     	;# 
    88  008D                     	;# 
    89  008E                     	;# 
    90  008F                     	;# 
    91  0090                     	;# 
    92  0091                     	;# 
    93  0092                     	;# 
    94  0093                     	;# 
    95  0093                     	;# 
    96  0093                     	;# 
    97  0094                     	;# 
    98  0095                     	;# 
    99  0096                     	;# 
   100  0097                     	;# 
   101  0098                     	;# 
   102  0099                     	;# 
   103  009A                     	;# 
   104  009B                     	;# 
   105  009C                     	;# 
   106  009D                     	;# 
   107  009E                     	;# 
   108  009F                     	;# 
   109  0105                     	;# 
   110  0107                     	;# 
   111  0108                     	;# 
   112  0109                     	;# 
   113  010C                     	;# 
   114  010C                     	;# 
   115  010D                     	;# 
   116  010E                     	;# 
   117  010F                     	;# 
   118  0185                     	;# 
   119  0187                     	;# 
   120  0188                     	;# 
   121  0189                     	;# 
   122  018C                     	;# 
   123  018D                     	;# 
   124  0000                     	;# 
   125  0001                     	;# 
   126  0002                     	;# 
   127  0003                     	;# 
   128  0004                     	;# 
   129  0005                     	;# 
   130  0006                     	;# 
   131  0007                     	;# 
   132  0008                     	;# 
   133  0009                     	;# 
   134  000A                     	;# 
   135  000B                     	;# 
   136  000C                     	;# 
   137  000D                     	;# 
   138  000E                     	;# 
   139  000E                     	;# 
   140  000F                     	;# 
   141  0010                     	;# 
   142  0011                     	;# 
   143  0012                     	;# 
   144  0013                     	;# 
   145  0014                     	;# 
   146  0015                     	;# 
   147  0015                     	;# 
   148  0016                     	;# 
   149  0017                     	;# 
   150  0018                     	;# 
   151  0019                     	;# 
   152  001A                     	;# 
   153  001B                     	;# 
   154  001B                     	;# 
   155  001C                     	;# 
   156  001D                     	;# 
   157  001E                     	;# 
   158  001F                     	;# 
   159  0081                     	;# 
   160  0085                     	;# 
   161  0086                     	;# 
   162  0087                     	;# 
   163  0088                     	;# 
   164  0089                     	;# 
   165  008C                     	;# 
   166  008D                     	;# 
   167  008E                     	;# 
   168  008F                     	;# 
   169  0090                     	;# 
   170  0091                     	;# 
   171  0092                     	;# 
   172  0093                     	;# 
   173  0093                     	;# 
   174  0093                     	;# 
   175  0094                     	;# 
   176  0095                     	;# 
   177  0096                     	;# 
   178  0097                     	;# 
   179  0098                     	;# 
   180  0099                     	;# 
   181  009A                     	;# 
   182  009B                     	;# 
   183  009C                     	;# 
   184  009D                     	;# 
   185  009E                     	;# 
   186  009F                     	;# 
   187  0105                     	;# 
   188  0107                     	;# 
   189  0108                     	;# 
   190  0109                     	;# 
   191  010C                     	;# 
   192  010C                     	;# 
   193  010D                     	;# 
   194  010E                     	;# 
   195  010F                     	;# 
   196  0185                     	;# 
   197  0187                     	;# 
   198  0188                     	;# 
   199  0189                     	;# 
   200  018C                     	;# 
   201  018D                     	;# 
   202  0000                     	;# 
   203  0001                     	;# 
   204  0002                     	;# 
   205  0003                     	;# 
   206  0004                     	;# 
   207  0005                     	;# 
   208  0006                     	;# 
   209  0007                     	;# 
   210  0008                     	;# 
   211  0009                     	;# 
   212  000A                     	;# 
   213  000B                     	;# 
   214  000C                     	;# 
   215  000D                     	;# 
   216  000E                     	;# 
   217  000E                     	;# 
   218  000F                     	;# 
   219  0010                     	;# 
   220  0011                     	;# 
   221  0012                     	;# 
   222  0013                     	;# 
   223  0014                     	;# 
   224  0015                     	;# 
   225  0015                     	;# 
   226  0016                     	;# 
   227  0017                     	;# 
   228  0018                     	;# 
   229  0019                     	;# 
   230  001A                     	;# 
   231  001B                     	;# 
   232  001B                     	;# 
   233  001C                     	;# 
   234  001D                     	;# 
   235  001E                     	;# 
   236  001F                     	;# 
   237  0081                     	;# 
   238  0085                     	;# 
   239  0086                     	;# 
   240  0087                     	;# 
   241  0088                     	;# 
   242  0089                     	;# 
   243  008C                     	;# 
   244  008D                     	;# 
   245  008E                     	;# 
   246  008F                     	;# 
   247  0090                     	;# 
   248  0091                     	;# 
   249  0092                     	;# 
   250  0093                     	;# 
   251  0093                     	;# 
   252  0093                     	;# 
   253  0094                     	;# 
   254  0095                     	;# 
   255  0096                     	;# 
   256  0097                     	;# 
   257  0098                     	;# 
   258  0099                     	;# 
   259  009A                     	;# 
   260  009B                     	;# 
   261  009C                     	;# 
   262  009D                     	;# 
   263  009E                     	;# 
   264  009F                     	;# 
   265  0105                     	;# 
   266  0107                     	;# 
   267  0108                     	;# 
   268  0109                     	;# 
   269  010C                     	;# 
   270  010C                     	;# 
   271  010D                     	;# 
   272  010E                     	;# 
   273  010F                     	;# 
   274  0185                     	;# 
   275  0187                     	;# 
   276  0188                     	;# 
   277  0189                     	;# 
   278  018C                     	;# 
   279  018D                     	;# 
   280  0000                     	;# 
   281  0001                     	;# 
   282  0002                     	;# 
   283  0003                     	;# 
   284  0004                     	;# 
   285  0005                     	;# 
   286  0006                     	;# 
   287  0007                     	;# 
   288  0008                     	;# 
   289  0009                     	;# 
   290  000A                     	;# 
   291  000B                     	;# 
   292  000C                     	;# 
   293  000D                     	;# 
   294  000E                     	;# 
   295  000E                     	;# 
   296  000F                     	;# 
   297  0010                     	;# 
   298  0011                     	;# 
   299  0012                     	;# 
   300  0013                     	;# 
   301  0014                     	;# 
   302  0015                     	;# 
   303  0015                     	;# 
   304  0016                     	;# 
   305  0017                     	;# 
   306  0018                     	;# 
   307  0019                     	;# 
   308  001A                     	;# 
   309  001B                     	;# 
   310  001B                     	;# 
   311  001C                     	;# 
   312  001D                     	;# 
   313  001E                     	;# 
   314  001F                     	;# 
   315  0081                     	;# 
   316  0085                     	;# 
   317  0086                     	;# 
   318  0087                     	;# 
   319  0088                     	;# 
   320  0089                     	;# 
   321  008C                     	;# 
   322  008D                     	;# 
   323  008E                     	;# 
   324  008F                     	;# 
   325  0090                     	;# 
   326  0091                     	;# 
   327  0092                     	;# 
   328  0093                     	;# 
   329  0093                     	;# 
   330  0093                     	;# 
   331  0094                     	;# 
   332  0095                     	;# 
   333  0096                     	;# 
   334  0097                     	;# 
   335  0098                     	;# 
   336  0099                     	;# 
   337  009A                     	;# 
   338  009B                     	;# 
   339  009C                     	;# 
   340  009D                     	;# 
   341  009E                     	;# 
   342  009F                     	;# 
   343  0105                     	;# 
   344  0107                     	;# 
   345  0108                     	;# 
   346  0109                     	;# 
   347  010C                     	;# 
   348  010C                     	;# 
   349  010D                     	;# 
   350  010E                     	;# 
   351  010F                     	;# 
   352  0185                     	;# 
   353  0187                     	;# 
   354  0188                     	;# 
   355  0189                     	;# 
   356  018C                     	;# 
   357  018D                     	;# 
   358  001A                     _RCREG	set	26
   359  000C                     _PIR1bits	set	12
   360  0019                     _TXREG	set	25
   361  0018                     _RCSTAbits	set	24
   362  0013                     _SSPBUF	set	19
   363  0014                     _SSPCON	set	20
   364  0014                     _SSPCONbits	set	20
   365  0098                     _TXSTAbits	set	152
   366  0099                     _SPBRG	set	153
   367  0094                     _SSPSTATbits	set	148
   368  0094                     _SSPSTAT	set	148
   369  0085                     _TRISAbits	set	133
   370  0087                     _TRISCbits	set	135
   371  043B                     _TRISC3	set	1083
   372  043D                     _TRISC5	set	1085
   373                           
   374                           	psect	cinit
   375  000F                     start_initialization:	
   376                           ; #config settings
   377                           
   378  000F                     __initialization:
   379  000F                     end_of_initialization:	
   380                           ;End of C runtime variable initialization code
   381                           
   382  000F                     __end_of__initialization:
   383  000F  0183               	clrf	3
   384  0010  120A  118A  281A   	ljmp	_main	;jump to C main() function
   385                           
   386                           	psect	cstackCOMMON
   387  0070                     __pcstackCOMMON:
   388  0070                     ?_ISR:
   389  0070                     ??_ISR:	
   390                           ; 1 bytes @ 0x0
   391                           
   392  0070                     ?_main:	
   393                           ; 1 bytes @ 0x0
   394                           
   395                           
   396                           ; 1 bytes @ 0x0
   397  0070                     	ds	2
   398  0072                     ??_main:
   399                           
   400                           	psect	maintext
   401  001A                     __pmaintext:	
   402                           ; 1 bytes @ 0x2
   403 ;;
   404 ;;Main: autosize = 0, tempsize = 0, incstack = 0, save=0
   405 ;;
   406 ;; *************** function _main *****************
   407 ;; Defined at:
   408 ;;		line 49 in file "mainMaestro.c"
   409 ;; Parameters:    Size  Location     Type
   410 ;;		None
   411 ;; Auto vars:     Size  Location     Type
   412 ;;		None
   413 ;; Return value:  Size  Location     Type
   414 ;;                  1    wreg      void 
   415 ;; Registers used:
   416 ;;		None
   417 ;; Tracked objects:
   418 ;;		On entry : B00/0
   419 ;;		On exit  : 0/0
   420 ;;		Unchanged: 0/0
   421 ;; Data sizes:     COMMON   BANK0   BANK1   BANK3   BANK2
   422 ;;      Params:         0       0       0       0       0
   423 ;;      Locals:         0       0       0       0       0
   424 ;;      Temps:          0       0       0       0       0
   425 ;;      Totals:         0       0       0       0       0
   426 ;;Total ram usage:        0 bytes
   427 ;; Hardware stack levels required when called:    1
   428 ;; This function calls:
   429 ;;		Nothing
   430 ;; This function is called by:
   431 ;;		Startup code after reset
   432 ;; This function uses a non-reentrant model
   433 ;;
   434                           
   435                           
   436                           ;psect for function _main
   437  001A                     _main:
   438  001A                     l714:	
   439                           ;incstack = 0
   440                           ; Regs used in _main: []
   441                           
   442  001A                     l16:	
   443                           ;mainMaestro.c: 52:     return;
   444                           
   445  001A  120A  118A  280C   	ljmp	start
   446  001D                     __end_of_main:
   447                           
   448                           	psect	text1
   449  0013                     __ptext1:	
   450 ;; *************** function _ISR *****************
   451 ;; Defined at:
   452 ;;		line 44 in file "mainMaestro.c"
   453 ;; Parameters:    Size  Location     Type
   454 ;;		None
   455 ;; Auto vars:     Size  Location     Type
   456 ;;		None
   457 ;; Return value:  Size  Location     Type
   458 ;;                  1    wreg      void 
   459 ;; Registers used:
   460 ;;		None
   461 ;; Tracked objects:
   462 ;;		On entry : 0/0
   463 ;;		On exit  : 0/0
   464 ;;		Unchanged: 0/0
   465 ;; Data sizes:     COMMON   BANK0   BANK1   BANK3   BANK2
   466 ;;      Params:         0       0       0       0       0
   467 ;;      Locals:         0       0       0       0       0
   468 ;;      Temps:          2       0       0       0       0
   469 ;;      Totals:         2       0       0       0       0
   470 ;;Total ram usage:        2 bytes
   471 ;; Hardware stack levels used:    1
   472 ;; This function calls:
   473 ;;		Nothing
   474 ;; This function is called by:
   475 ;;		Interrupt level 1
   476 ;; This function uses a non-reentrant model
   477 ;;
   478                           
   479                           
   480                           ;psect for function _ISR
   481  0013                     _ISR:
   482  0013                     i1l11:
   483  0013  0871               	movf	??_ISR+1,w
   484  0014  008A               	movwf	10
   485  0015  0E70               	swapf	??_ISR,w
   486  0016  0083               	movwf	3
   487  0017  0EFE               	swapf	btemp,f
   488  0018  0E7E               	swapf	btemp,w
   489  0019  0009               	retfie
   490  001A                     __end_of_ISR:
   491  007E                     btemp	set	126	;btemp
   492  007E                     wtemp0	set	126
   493                           
   494                           	psect	intentry
   495  0004                     __pintentry:	
   496                           ;incstack = 0
   497                           ; Regs used in _ISR: []
   498                           
   499  0004                     interrupt_function:
   500  007E                     saved_w	set	btemp
   501  0004  00FE               	movwf	btemp
   502  0005  0E03               	swapf	3,w
   503  0006  00F0               	movwf	??_ISR
   504  0007  080A               	movf	10,w
   505  0008  00F1               	movwf	??_ISR+1
   506  0009  120A  118A  2813   	ljmp	_ISR
   507                           
   508                           	psect	config
   509                           
   510                           ;Config register CONFIG1 @ 0x2007
   511                           ;	Oscillator Selection bits
   512                           ;	FOSC = INTRC_NOCLKOUT, INTOSCIO oscillator: I/O function on RA6/OSC2/CLKOUT pin, I/O f
      +                          unction on RA7/OSC1/CLKIN
   513                           ;	Watchdog Timer Enable bit
   514                           ;	WDTE = OFF, WDT disabled and can be enabled by SWDTEN bit of the WDTCON register
   515                           ;	Power-up Timer Enable bit
   516                           ;	PWRTE = OFF, PWRT disabled
   517                           ;	RE3/MCLR pin function select bit
   518                           ;	MCLRE = OFF, RE3/MCLR pin function is digital input, MCLR internally tied to VDD
   519                           ;	Code Protection bit
   520                           ;	CP = OFF, Program memory code protection is disabled
   521                           ;	Data Code Protection bit
   522                           ;	CPD = OFF, Data memory code protection is disabled
   523                           ;	Brown Out Reset Selection bits
   524                           ;	BOREN = OFF, BOR disabled
   525                           ;	Internal External Switchover bit
   526                           ;	IESO = OFF, Internal/External Switchover mode is disabled
   527                           ;	Fail-Safe Clock Monitor Enabled bit
   528                           ;	FCMEN = OFF, Fail-Safe Clock Monitor is disabled
   529                           ;	Low Voltage Programming Enable bit
   530                           ;	LVP = OFF, RB3 pin has digital I/O, HV on MCLR must be used for programming
   531                           ;	In-Circuit Debugger Mode bit
   532                           ;	DEBUG = 0x1, unprogrammed default
   533  2007                     	org	8199
   534  2007  20D4               	dw	8404
   535                           
   536                           ;Config register CONFIG2 @ 0x2008
   537                           ;	Brown-out Reset Selection bit
   538                           ;	BOR4V = BOR40V, Brown-out Reset set to 4.0V
   539                           ;	Flash Program Memory Self Write Enable bits
   540                           ;	WRT = OFF, Write protection off
   541  2008                     	org	8200
   542  2008  3FFF               	dw	16383

Data Sizes:
    Strings     0
    Constant    0
    Data        0
    BSS         0
    Persistent  0
    Stack       0

Auto Spaces:
    Space          Size  Autos    Used
    COMMON           14      2       2
    BANK0            80      0       0
    BANK1            80      0       0
    BANK3            96      0       0
    BANK2            96      0       0

Pointer List with Targets:

    None.

Critical Paths under _main in COMMON

    None.

Critical Paths under _ISR in COMMON

    None.

Critical Paths under _main in BANK0

    None.

Critical Paths under _ISR in BANK0

    None.

Critical Paths under _main in BANK1

    None.

Critical Paths under _ISR in BANK1

    None.

Critical Paths under _main in BANK3

    None.

Critical Paths under _ISR in BANK3

    None.

Critical Paths under _main in BANK2

    None.

Critical Paths under _ISR in BANK2

    None.

Call Graph Tables:

 ---------------------------------------------------------------------------------
 (Depth) Function   	        Calls       Base Space   Used Autos Params    Refs
 ---------------------------------------------------------------------------------
 (0) _main                                                 0     0      0       0
 ---------------------------------------------------------------------------------
 Estimated maximum stack depth 0
 ---------------------------------------------------------------------------------
 (Depth) Function   	        Calls       Base Space   Used Autos Params    Refs
 ---------------------------------------------------------------------------------
 (1) _ISR                                                  2     2      0       0
                                              0 COMMON     2     2      0
 ---------------------------------------------------------------------------------
 Estimated maximum stack depth 1
 ---------------------------------------------------------------------------------

 Call Graph Graphs:

 _main (ROOT)

 _ISR (ROOT)

 Address spaces:
Name               Size   Autos  Total    Cost      Usage
BITCOMMON            E      0       0       0        0.0%
EEDATA             100      0       0       0        0.0%
NULL                 0      0       0       0        0.0%
CODE                 0      0       0       0        0.0%
COMMON               E      2       2       1       14.3%
BITSFR0              0      0       0       1        0.0%
SFR0                 0      0       0       1        0.0%
BITSFR1              0      0       0       2        0.0%
SFR1                 0      0       0       2        0.0%
STACK                0      0       0       2        0.0%
ABS                  0      0       0       3        0.0%
BITBANK0            50      0       0       4        0.0%
BITSFR3              0      0       0       4        0.0%
SFR3                 0      0       0       4        0.0%
BANK0               50      0       0       5        0.0%
BITSFR2              0      0       0       5        0.0%
SFR2                 0      0       0       5        0.0%
BITBANK1            50      0       0       6        0.0%
BANK1               50      0       0       7        0.0%
BITBANK3            60      0       0       8        0.0%
BANK3               60      0       0       9        0.0%
BITBANK2            60      0       0      10        0.0%
BANK2               60      0       0      11        0.0%
DATA                 0      0       0      12        0.0%


Microchip Technology PIC Macro Assembler V2.31 build 20201012212115 
Symbol Table                                                                                   Thu Feb 11 10:51:20 2021

            _SSPSTATbits 0094                       l16 001A                      l714 001A  
                    _ISR 0013                     ?_ISR 0070                     i1l11 0013  
                   _main 001A                     btemp 007E                     start 000C  
                  ??_ISR 0070                    ?_main 0070                    _RCREG 001A  
                  _SPBRG 0099                    _TXREG 0019                    pclath 000A  
                  status 0003                    wtemp0 007E          __initialization 000F  
           __end_of_main 001D                   ??_main 0072                   _TRISC3 043B  
                 _TRISC5 043D                   _SSPCON 0014                   _SSPBUF 0013  
                 saved_w 007E  __end_of__initialization 000F           __pcstackCOMMON 0070  
             __pmaintext 001A               __pintentry 0004                  _SSPSTAT 0094  
                __ptext1 0013             __size_of_ISR 0007     end_of_initialization 000F  
              _RCSTAbits 0018                _TRISAbits 0085                _TRISCbits 0087  
              _TXSTAbits 0098      start_initialization 000F              __end_of_ISR 001A  
              ___latbits 0002        interrupt_function 0004                 _PIR1bits 000C  
          __size_of_main 0003                 intlevel1 0000               _SSPCONbits 0014  
