

Microchip MPLAB XC8 Assembler V2.31 build 20201012212115 
                                                                                               Tue Feb 23 16:43:32 2021

Microchip MPLAB XC8 C Compiler v2.31 (Free license) build 20201012212115 Og1 
     1                           	processor	16F887
     2                           	pagewidth 120
     3                           	opt	flic
     4                           	psect	cinit,global,class=CODE,merge=1,delta=2
     5                           	psect	cstackCOMMON,global,class=COMMON,space=1,delta=1,noexec
     6                           	psect	cstackBANK0,global,class=BANK0,space=1,delta=1,noexec
     7                           	psect	maintext,global,class=CODE,split=1,delta=2
     8                           	psect	text1,local,class=CODE,merge=1,delta=2
     9                           	psect	text2,local,class=CODE,merge=1,delta=2
    10                           	psect	text3,local,class=CODE,merge=1,delta=2,group=1
    11                           	psect	text4,local,class=CODE,merge=1,delta=2
    12                           	psect	intentry,global,class=CODE,delta=2
    13                           	psect	config,global,abs,ovrld,class=CONFIG,space=4,delta=2,noexec
    14                           	dabs	1,0x7E,2
    15  0000                     
    16                           ; Version 2.20
    17                           ; Generated 12/02/2020 GMT
    18                           ; 
    19                           ; Copyright © 2020, Microchip Technology Inc. and its subsidiaries ("Microchip")
    20                           ; All rights reserved.
    21                           ; 
    22                           ; This software is developed by Microchip Technology Inc. and its subsidiaries ("Microch
      +                          ip").
    23                           ; 
    24                           ; Redistribution and use in source and binary forms, with or without modification, are
    25                           ; permitted provided that the following conditions are met:
    26                           ; 
    27                           ;     1. Redistributions of source code must retain the above copyright notice, this lis
      +                          t of
    28                           ;        conditions and the following disclaimer.
    29                           ; 
    30                           ;     2. Redistributions in binary form must reproduce the above copyright notice, this 
      +                          list
    31                           ;        of conditions and the following disclaimer in the documentation and/or other
    32                           ;        materials provided with the distribution.
    33                           ; 
    34                           ;     3. Microchip's name may not be used to endorse or promote products derived from th
      +                          is
    35                           ;        software without specific prior written permission.
    36                           ; 
    37                           ; THIS SOFTWARE IS PROVIDED BY MICROCHIP "AS IS" AND ANY EXPRESS OR IMPLIED WARRANTIES,
    38                           ; INCLUDING, BUT NOT LIMITED TO, THE IMPLIED WARRANTIES OF MERCHANTABILITY AND FITNESS F
      +                          OR
    39                           ; PURPOSE ARE DISCLAIMED.  IN NO EVENT SHALL MICROCHIP BE LIABLE FOR ANY DIRECT, INDIREC
      +                          T,
    40                           ; INCIDENTAL, SPECIAL, EXEMPLARY, OR CONSEQUENTIAL DAMAGES (INCLUDING BUT NOT LIMITED TO
    41                           ; PROCUREMENT OF SUBSTITUTE GOODS OR SERVICES; LOSS OF USE, DATA OR PROFITS; OR BUSINESS
    42                           ; INTERRUPTION) HOWSOEVER CAUSED AND ON ANY THEORY OF LIABILITY, WHETHER IN CONTRACT, ST
      +                          RICT
    43                           ; LIABILITY, OR TORT (INCLUDING NEGLIGENCE OR OTHERWISE) ARISING IN ANY WAY OUT OF THE U
      +                          SE OF
    44                           ; THIS SOFTWARE, EVEN IF ADVISED OF THE POSSIBILITY OF SUCH DAMAGE.
    45                           ; 
    46                           ; 
    47                           ; Code-generator required, PIC16F887 Definitions
    48                           ; 
    49                           ; SFR Addresses
    50  0000                     	;# 
    51  0001                     	;# 
    52  0002                     	;# 
    53  0003                     	;# 
    54  0004                     	;# 
    55  0005                     	;# 
    56  0006                     	;# 
    57  0007                     	;# 
    58  0008                     	;# 
    59  0009                     	;# 
    60  000A                     	;# 
    61  000B                     	;# 
    62  000C                     	;# 
    63  000D                     	;# 
    64  000E                     	;# 
    65  000E                     	;# 
    66  000F                     	;# 
    67  0010                     	;# 
    68  0011                     	;# 
    69  0012                     	;# 
    70  0013                     	;# 
    71  0014                     	;# 
    72  0015                     	;# 
    73  0015                     	;# 
    74  0016                     	;# 
    75  0017                     	;# 
    76  0018                     	;# 
    77  0019                     	;# 
    78  001A                     	;# 
    79  001B                     	;# 
    80  001B                     	;# 
    81  001C                     	;# 
    82  001D                     	;# 
    83  001E                     	;# 
    84  001F                     	;# 
    85  0081                     	;# 
    86  0085                     	;# 
    87  0086                     	;# 
    88  0087                     	;# 
    89  0088                     	;# 
    90  0089                     	;# 
    91  008C                     	;# 
    92  008D                     	;# 
    93  008E                     	;# 
    94  008F                     	;# 
    95  0090                     	;# 
    96  0091                     	;# 
    97  0092                     	;# 
    98  0093                     	;# 
    99  0093                     	;# 
   100  0093                     	;# 
   101  0094                     	;# 
   102  0095                     	;# 
   103  0096                     	;# 
   104  0097                     	;# 
   105  0098                     	;# 
   106  0099                     	;# 
   107  009A                     	;# 
   108  009B                     	;# 
   109  009C                     	;# 
   110  009D                     	;# 
   111  009E                     	;# 
   112  009F                     	;# 
   113  0105                     	;# 
   114  0107                     	;# 
   115  0108                     	;# 
   116  0109                     	;# 
   117  010C                     	;# 
   118  010C                     	;# 
   119  010D                     	;# 
   120  010E                     	;# 
   121  010F                     	;# 
   122  0185                     	;# 
   123  0187                     	;# 
   124  0188                     	;# 
   125  0189                     	;# 
   126  018C                     	;# 
   127  018D                     	;# 
   128  0000                     	;# 
   129  0001                     	;# 
   130  0002                     	;# 
   131  0003                     	;# 
   132  0004                     	;# 
   133  0005                     	;# 
   134  0006                     	;# 
   135  0007                     	;# 
   136  0008                     	;# 
   137  0009                     	;# 
   138  000A                     	;# 
   139  000B                     	;# 
   140  000C                     	;# 
   141  000D                     	;# 
   142  000E                     	;# 
   143  000E                     	;# 
   144  000F                     	;# 
   145  0010                     	;# 
   146  0011                     	;# 
   147  0012                     	;# 
   148  0013                     	;# 
   149  0014                     	;# 
   150  0015                     	;# 
   151  0015                     	;# 
   152  0016                     	;# 
   153  0017                     	;# 
   154  0018                     	;# 
   155  0019                     	;# 
   156  001A                     	;# 
   157  001B                     	;# 
   158  001B                     	;# 
   159  001C                     	;# 
   160  001D                     	;# 
   161  001E                     	;# 
   162  001F                     	;# 
   163  0081                     	;# 
   164  0085                     	;# 
   165  0086                     	;# 
   166  0087                     	;# 
   167  0088                     	;# 
   168  0089                     	;# 
   169  008C                     	;# 
   170  008D                     	;# 
   171  008E                     	;# 
   172  008F                     	;# 
   173  0090                     	;# 
   174  0091                     	;# 
   175  0092                     	;# 
   176  0093                     	;# 
   177  0093                     	;# 
   178  0093                     	;# 
   179  0094                     	;# 
   180  0095                     	;# 
   181  0096                     	;# 
   182  0097                     	;# 
   183  0098                     	;# 
   184  0099                     	;# 
   185  009A                     	;# 
   186  009B                     	;# 
   187  009C                     	;# 
   188  009D                     	;# 
   189  009E                     	;# 
   190  009F                     	;# 
   191  0105                     	;# 
   192  0107                     	;# 
   193  0108                     	;# 
   194  0109                     	;# 
   195  010C                     	;# 
   196  010C                     	;# 
   197  010D                     	;# 
   198  010E                     	;# 
   199  010F                     	;# 
   200  0185                     	;# 
   201  0187                     	;# 
   202  0188                     	;# 
   203  0189                     	;# 
   204  018C                     	;# 
   205  018D                     	;# 
   206  0000                     	;# 
   207  0001                     	;# 
   208  0002                     	;# 
   209  0003                     	;# 
   210  0004                     	;# 
   211  0005                     	;# 
   212  0006                     	;# 
   213  0007                     	;# 
   214  0008                     	;# 
   215  0009                     	;# 
   216  000A                     	;# 
   217  000B                     	;# 
   218  000C                     	;# 
   219  000D                     	;# 
   220  000E                     	;# 
   221  000E                     	;# 
   222  000F                     	;# 
   223  0010                     	;# 
   224  0011                     	;# 
   225  0012                     	;# 
   226  0013                     	;# 
   227  0014                     	;# 
   228  0015                     	;# 
   229  0015                     	;# 
   230  0016                     	;# 
   231  0017                     	;# 
   232  0018                     	;# 
   233  0019                     	;# 
   234  001A                     	;# 
   235  001B                     	;# 
   236  001B                     	;# 
   237  001C                     	;# 
   238  001D                     	;# 
   239  001E                     	;# 
   240  001F                     	;# 
   241  0081                     	;# 
   242  0085                     	;# 
   243  0086                     	;# 
   244  0087                     	;# 
   245  0088                     	;# 
   246  0089                     	;# 
   247  008C                     	;# 
   248  008D                     	;# 
   249  008E                     	;# 
   250  008F                     	;# 
   251  0090                     	;# 
   252  0091                     	;# 
   253  0092                     	;# 
   254  0093                     	;# 
   255  0093                     	;# 
   256  0093                     	;# 
   257  0094                     	;# 
   258  0095                     	;# 
   259  0096                     	;# 
   260  0097                     	;# 
   261  0098                     	;# 
   262  0099                     	;# 
   263  009A                     	;# 
   264  009B                     	;# 
   265  009C                     	;# 
   266  009D                     	;# 
   267  009E                     	;# 
   268  009F                     	;# 
   269  0105                     	;# 
   270  0107                     	;# 
   271  0108                     	;# 
   272  0109                     	;# 
   273  010C                     	;# 
   274  010C                     	;# 
   275  010D                     	;# 
   276  010E                     	;# 
   277  010F                     	;# 
   278  0185                     	;# 
   279  0187                     	;# 
   280  0188                     	;# 
   281  0189                     	;# 
   282  018C                     	;# 
   283  018D                     	;# 
   284  0013                     _SSPBUF	set	19
   285  0014                     _SSPCON	set	20
   286  0063                     _SSPIF	set	99
   287  005E                     _PEIE	set	94
   288  005F                     _GIE	set	95
   289  0091                     _SSPCON2bits	set	145
   290  0087                     _TRISCbits	set	135
   291  0094                     _SSPSTAT	set	148
   292  0093                     _SSPADD	set	147
   293  0091                     _SSPCON2	set	145
   294  0463                     _SSPIE	set	1123
   295  043C                     _TRISC4	set	1084
   296  043B                     _TRISC3	set	1083
   297  0189                     _ANSELH	set	393
   298  0188                     _ANSEL	set	392
   299                           
   300                           	psect	cinit
   301  000F                     start_initialization:	
   302                           ; #config settings
   303                           
   304  000F                     __initialization:
   305  000F                     end_of_initialization:	
   306                           ;End of C runtime variable initialization code
   307                           
   308  000F                     __end_of__initialization:
   309  000F  0183               	clrf	3
   310  0010  120A  118A  28C7   	ljmp	_main	;jump to C main() function
   311                           
   312                           	psect	cstackCOMMON
   313  0070                     __pcstackCOMMON:
   314  0070                     ?_Setup:
   315  0070                     ?_ISR:	
   316                           ; 1 bytes @ 0x0
   317                           
   318  0070                     ??_ISR:	
   319                           ; 1 bytes @ 0x0
   320                           
   321  0070                     ?_main:	
   322                           ; 1 bytes @ 0x0
   323                           
   324                           
   325                           ; 1 bytes @ 0x0
   326  0070                     	ds	2
   327  0072                     ?___lldiv:
   328  0072                     ___lldiv@divisor:	
   329                           ; 4 bytes @ 0x2
   330                           
   331                           
   332                           ; 4 bytes @ 0x2
   333  0072                     	ds	4
   334  0076                     ___lldiv@dividend:
   335                           
   336                           ; 4 bytes @ 0x6
   337  0076                     	ds	4
   338  007A                     ??___lldiv:
   339                           
   340                           ; 1 bytes @ 0xA
   341  007A                     	ds	1
   342  007B                     ??_Setup:
   343  007B                     ??_main:	
   344                           ; 1 bytes @ 0xB
   345                           
   346                           
   347                           	psect	cstackBANK0
   348  0020                     __pcstackBANK0:	
   349                           ; 1 bytes @ 0xB
   350                           
   351  0020                     ___lldiv@quotient:
   352                           
   353                           ; 4 bytes @ 0x0
   354  0020                     	ds	4
   355  0024                     ___lldiv@counter:
   356                           
   357                           ; 1 bytes @ 0x4
   358  0024                     	ds	1
   359  0025                     ?_I2C_Master_Init:
   360  0025                     I2C_Master_Init@c:	
   361                           ; 1 bytes @ 0x5
   362                           
   363                           
   364                           ; 4 bytes @ 0x5
   365  0025                     	ds	4
   366  0029                     ??_I2C_Master_Init:
   367                           
   368                           ; 1 bytes @ 0x9
   369  0029                     	ds	4
   370                           
   371                           	psect	maintext
   372  00C7                     __pmaintext:	
   373 ;;
   374 ;;Main: autosize = 0, tempsize = 0, incstack = 0, save=0
   375 ;;
   376 ;; *************** function _main *****************
   377 ;; Defined at:
   378 ;;		line 48 in file "main.c"
   379 ;; Parameters:    Size  Location     Type
   380 ;;		None
   381 ;; Auto vars:     Size  Location     Type
   382 ;;		None
   383 ;; Return value:  Size  Location     Type
   384 ;;                  1    wreg      void 
   385 ;; Registers used:
   386 ;;		wreg, status,2, status,0, pclath, cstack
   387 ;; Tracked objects:
   388 ;;		On entry : B00/0
   389 ;;		On exit  : 0/0
   390 ;;		Unchanged: 0/0
   391 ;; Data sizes:     COMMON   BANK0   BANK1   BANK3   BANK2
   392 ;;      Params:         0       0       0       0       0
   393 ;;      Locals:         0       0       0       0       0
   394 ;;      Temps:          0       0       0       0       0
   395 ;;      Totals:         0       0       0       0       0
   396 ;;Total ram usage:        0 bytes
   397 ;; Hardware stack levels required when called:    4
   398 ;; This function calls:
   399 ;;		_Setup
   400 ;; This function is called by:
   401 ;;		Startup code after reset
   402 ;; This function uses a non-reentrant model
   403 ;;
   404                           
   405                           
   406                           ;psect for function _main
   407  00C7                     _main:
   408  00C7                     l799:	
   409                           ;incstack = 0
   410                           ; Regs used in _main: [wreg+status,2+status,0+pclath+cstack]
   411                           
   412                           
   413                           ;main.c: 49:     Setup();
   414  00C7  120A  118A  20B3  120A  118A  	fcall	_Setup
   415  00CC                     l18:	
   416                           ;main.c: 53:     while (1) {
   417                           
   418  00CC                     l19:	
   419                           ;main.c: 58:     }
   420                           
   421  00CC  28CC               	goto	l18
   422  00CD  120A  118A  280C   	ljmp	start
   423  00D0                     __end_of_main:
   424                           
   425                           	psect	text1
   426  00B3                     __ptext1:	
   427 ;; *************** function _Setup *****************
   428 ;; Defined at:
   429 ;;		line 64 in file "main.c"
   430 ;; Parameters:    Size  Location     Type
   431 ;;		None
   432 ;; Auto vars:     Size  Location     Type
   433 ;;		None
   434 ;; Return value:  Size  Location     Type
   435 ;;                  1    wreg      void 
   436 ;; Registers used:
   437 ;;		wreg, status,2, status,0, pclath, cstack
   438 ;; Tracked objects:
   439 ;;		On entry : 0/0
   440 ;;		On exit  : 0/0
   441 ;;		Unchanged: 0/0
   442 ;; Data sizes:     COMMON   BANK0   BANK1   BANK3   BANK2
   443 ;;      Params:         0       0       0       0       0
   444 ;;      Locals:         0       0       0       0       0
   445 ;;      Temps:          0       0       0       0       0
   446 ;;      Totals:         0       0       0       0       0
   447 ;;Total ram usage:        0 bytes
   448 ;; Hardware stack levels used:    1
   449 ;; Hardware stack levels required when called:    3
   450 ;; This function calls:
   451 ;;		_I2C_Master_Init
   452 ;; This function is called by:
   453 ;;		_main
   454 ;; This function uses a non-reentrant model
   455 ;;
   456                           
   457                           
   458                           ;psect for function _Setup
   459  00B3                     _Setup:
   460  00B3                     l795:	
   461                           ;incstack = 0
   462                           ; Regs used in _Setup: [wreg+status,2+status,0+pclath+cstack]
   463                           
   464                           
   465                           ;main.c: 65:     ANSEL = 0;
   466  00B3  1683               	bsf	3,5	;RP0=1, select bank3
   467  00B4  1703               	bsf	3,6	;RP1=1, select bank3
   468  00B5  0188               	clrf	8	;volatile
   469                           
   470                           ;main.c: 66:     ANSELH = 0;
   471  00B6  0189               	clrf	9	;volatile
   472  00B7                     l797:
   473                           
   474                           ;main.c: 68:     I2C_Master_Init(100000);
   475  00B7  3000               	movlw	0
   476  00B8  1283               	bcf	3,5	;RP0=0, select bank0
   477  00B9  1303               	bcf	3,6	;RP1=0, select bank0
   478  00BA  00A8               	movwf	I2C_Master_Init@c+3
   479  00BB  3001               	movlw	1
   480  00BC  00A7               	movwf	I2C_Master_Init@c+2
   481  00BD  3086               	movlw	134
   482  00BE  00A6               	movwf	I2C_Master_Init@c+1
   483  00BF  30A0               	movlw	160
   484  00C0  00A5               	movwf	I2C_Master_Init@c
   485  00C1  120A  118A  207B  120A  118A  	fcall	_I2C_Master_Init
   486  00C6                     l24:
   487  00C6  0008               	return
   488  00C7                     __end_of_Setup:
   489                           
   490                           	psect	text2
   491  007B                     __ptext2:	
   492 ;; *************** function _I2C_Master_Init *****************
   493 ;; Defined at:
   494 ;;		line 16 in file "I2C.c"
   495 ;; Parameters:    Size  Location     Type
   496 ;;  c               4    5[BANK0 ] const unsigned long 
   497 ;; Auto vars:     Size  Location     Type
   498 ;;		None
   499 ;; Return value:  Size  Location     Type
   500 ;;                  1    wreg      void 
   501 ;; Registers used:
   502 ;;		wreg, status,2, status,0, pclath, cstack
   503 ;; Tracked objects:
   504 ;;		On entry : 0/0
   505 ;;		On exit  : 0/0
   506 ;;		Unchanged: 0/0
   507 ;; Data sizes:     COMMON   BANK0   BANK1   BANK3   BANK2
   508 ;;      Params:         0       4       0       0       0
   509 ;;      Locals:         0       0       0       0       0
   510 ;;      Temps:          0       4       0       0       0
   511 ;;      Totals:         0       8       0       0       0
   512 ;;Total ram usage:        8 bytes
   513 ;; Hardware stack levels used:    1
   514 ;; Hardware stack levels required when called:    2
   515 ;; This function calls:
   516 ;;		___lldiv
   517 ;; This function is called by:
   518 ;;		_Setup
   519 ;; This function uses a non-reentrant model
   520 ;;
   521                           
   522                           
   523                           ;psect for function _I2C_Master_Init
   524  007B                     _I2C_Master_Init:
   525  007B                     l783:	
   526                           ;incstack = 0
   527                           ; Regs used in _I2C_Master_Init: [wreg+status,2+status,0+pclath+cstack]
   528                           
   529                           
   530                           ;I2C.c: 16: void I2C_Master_Init(const unsigned long c);I2C.c: 17: {;I2C.c: 18:     SSPC
      +                          ON = 0b00101000;
   531  007B  3028               	movlw	40
   532  007C  1283               	bcf	3,5	;RP0=0, select bank0
   533  007D  1303               	bcf	3,6	;RP1=0, select bank0
   534  007E  0094               	movwf	20	;volatile
   535  007F                     l785:
   536                           
   537                           ;I2C.c: 19:     SSPCON2 = 0;
   538  007F  1683               	bsf	3,5	;RP0=1, select bank1
   539  0080  1303               	bcf	3,6	;RP1=0, select bank1
   540  0081  0191               	clrf	17	;volatile
   541  0082                     l787:
   542                           
   543                           ;I2C.c: 20:     SSPADD = (8000000/(4*c))-1;
   544  0082  1283               	bcf	3,5	;RP0=0, select bank0
   545  0083  1303               	bcf	3,6	;RP1=0, select bank0
   546  0084  0825               	movf	I2C_Master_Init@c,w
   547  0085  00A9               	movwf	??_I2C_Master_Init
   548  0086  0826               	movf	I2C_Master_Init@c+1,w
   549  0087  00AA               	movwf	??_I2C_Master_Init+1
   550  0088  0827               	movf	I2C_Master_Init@c+2,w
   551  0089  00AB               	movwf	??_I2C_Master_Init+2
   552  008A  0828               	movf	I2C_Master_Init@c+3,w
   553  008B  00AC               	movwf	??_I2C_Master_Init+3
   554  008C  3002               	movlw	2
   555  008D                     u195:
   556  008D  1003               	clrc
   557  008E  0DA9               	rlf	??_I2C_Master_Init,f
   558  008F  0DAA               	rlf	??_I2C_Master_Init+1,f
   559  0090  0DAB               	rlf	??_I2C_Master_Init+2,f
   560  0091  0DAC               	rlf	??_I2C_Master_Init+3,f
   561  0092                     u190:
   562  0092  3EFF               	addlw	-1
   563  0093  1D03               	skipz
   564  0094  288D               	goto	u195
   565  0095  082C               	movf	??_I2C_Master_Init+3,w
   566  0096  00F5               	movwf	___lldiv@divisor+3
   567  0097  082B               	movf	??_I2C_Master_Init+2,w
   568  0098  00F4               	movwf	___lldiv@divisor+2
   569  0099  082A               	movf	??_I2C_Master_Init+1,w
   570  009A  00F3               	movwf	___lldiv@divisor+1
   571  009B  0829               	movf	??_I2C_Master_Init,w
   572  009C  00F2               	movwf	___lldiv@divisor
   573  009D  3000               	movlw	0
   574  009E  00F9               	movwf	___lldiv@dividend+3
   575  009F  307A               	movlw	122
   576  00A0  00F8               	movwf	___lldiv@dividend+2
   577  00A1  3012               	movlw	18
   578  00A2  00F7               	movwf	___lldiv@dividend+1
   579  00A3  3000               	movlw	0
   580  00A4  00F6               	movwf	___lldiv@dividend
   581  00A5  120A  118A  2013  120A  118A  	fcall	___lldiv
   582  00AA  0872               	movf	?___lldiv,w
   583  00AB  3EFF               	addlw	255
   584  00AC  1683               	bsf	3,5	;RP0=1, select bank1
   585  00AD  1303               	bcf	3,6	;RP1=0, select bank1
   586  00AE  0093               	movwf	19	;volatile
   587  00AF                     l789:
   588                           
   589                           ;I2C.c: 21:     SSPSTAT = 0;
   590  00AF  0194               	clrf	20	;volatile
   591  00B0                     l791:
   592                           
   593                           ;I2C.c: 22:     TRISCbits.TRISC3 = 1;
   594  00B0  1587               	bsf	7,3	;volatile
   595  00B1                     l793:
   596                           
   597                           ;I2C.c: 23:     TRISCbits.TRISC4 = 1;
   598  00B1  1607               	bsf	7,4	;volatile
   599  00B2                     l53:
   600  00B2  0008               	return
   601  00B3                     __end_of_I2C_Master_Init:
   602                           
   603                           	psect	text3
   604  0013                     __ptext3:	
   605 ;; *************** function ___lldiv *****************
   606 ;; Defined at:
   607 ;;		line 5 in file "C:\Program Files\Microchip\xc8\v2.31\pic\sources\c90\common\__lldiv.c"
   608 ;; Parameters:    Size  Location     Type
   609 ;;  divisor         4    2[COMMON] unsigned long 
   610 ;;  dividend        4    6[COMMON] unsigned long 
   611 ;; Auto vars:     Size  Location     Type
   612 ;;  quotient        4    0[BANK0 ] unsigned long 
   613 ;;  counter         1    4[BANK0 ] unsigned char 
   614 ;; Return value:  Size  Location     Type
   615 ;;                  4    2[COMMON] unsigned long 
   616 ;; Registers used:
   617 ;;		wreg, status,2, status,0
   618 ;; Tracked objects:
   619 ;;		On entry : 0/0
   620 ;;		On exit  : 0/0
   621 ;;		Unchanged: 0/0
   622 ;; Data sizes:     COMMON   BANK0   BANK1   BANK3   BANK2
   623 ;;      Params:         8       0       0       0       0
   624 ;;      Locals:         0       5       0       0       0
   625 ;;      Temps:          1       0       0       0       0
   626 ;;      Totals:         9       5       0       0       0
   627 ;;Total ram usage:       14 bytes
   628 ;; Hardware stack levels used:    1
   629 ;; Hardware stack levels required when called:    1
   630 ;; This function calls:
   631 ;;		Nothing
   632 ;; This function is called by:
   633 ;;		_I2C_Master_Init
   634 ;; This function uses a non-reentrant model
   635 ;;
   636                           
   637                           
   638                           ;psect for function ___lldiv
   639  0013                     ___lldiv:
   640  0013                     l759:	
   641                           ;incstack = 0
   642                           ; Regs used in ___lldiv: [wreg+status,2+status,0]
   643                           
   644  0013  3000               	movlw	0
   645  0014  1283               	bcf	3,5	;RP0=0, select bank0
   646  0015  1303               	bcf	3,6	;RP1=0, select bank0
   647  0016  00A3               	movwf	___lldiv@quotient+3
   648  0017  3000               	movlw	0
   649  0018  00A2               	movwf	___lldiv@quotient+2
   650  0019  3000               	movlw	0
   651  001A  00A1               	movwf	___lldiv@quotient+1
   652  001B  3000               	movlw	0
   653  001C  00A0               	movwf	___lldiv@quotient
   654  001D  0875               	movf	___lldiv@divisor+3,w
   655  001E  0474               	iorwf	___lldiv@divisor+2,w
   656  001F  0473               	iorwf	___lldiv@divisor+1,w
   657  0020  0472               	iorwf	___lldiv@divisor,w
   658  0021  1903               	skipnz
   659  0022  2824               	goto	u121
   660  0023  2825               	goto	u120
   661  0024                     u121:
   662  0024  2872               	goto	l779
   663  0025                     u120:
   664  0025                     l761:
   665  0025  01A4               	clrf	___lldiv@counter
   666  0026  0AA4               	incf	___lldiv@counter,f
   667  0027  2835               	goto	l765
   668  0028                     l763:
   669  0028  3001               	movlw	1
   670  0029  00FA               	movwf	??___lldiv
   671  002A                     u135:
   672  002A  1003               	clrc
   673  002B  0DF2               	rlf	___lldiv@divisor,f
   674  002C  0DF3               	rlf	___lldiv@divisor+1,f
   675  002D  0DF4               	rlf	___lldiv@divisor+2,f
   676  002E  0DF5               	rlf	___lldiv@divisor+3,f
   677  002F  0BFA               	decfsz	??___lldiv,f
   678  0030  282A               	goto	u135
   679  0031  3001               	movlw	1
   680  0032  00FA               	movwf	??___lldiv
   681  0033  087A               	movf	??___lldiv,w
   682  0034  07A4               	addwf	___lldiv@counter,f
   683  0035                     l765:
   684  0035  1FF5               	btfss	___lldiv@divisor+3,7
   685  0036  2838               	goto	u141
   686  0037  2839               	goto	u140
   687  0038                     u141:
   688  0038  2828               	goto	l763
   689  0039                     u140:
   690  0039                     l767:
   691  0039  3001               	movlw	1
   692  003A  00FA               	movwf	??___lldiv
   693  003B                     u155:
   694  003B  1003               	clrc
   695  003C  0DA0               	rlf	___lldiv@quotient,f
   696  003D  0DA1               	rlf	___lldiv@quotient+1,f
   697  003E  0DA2               	rlf	___lldiv@quotient+2,f
   698  003F  0DA3               	rlf	___lldiv@quotient+3,f
   699  0040  0BFA               	decfsz	??___lldiv,f
   700  0041  283B               	goto	u155
   701  0042                     l769:
   702  0042  0875               	movf	___lldiv@divisor+3,w
   703  0043  0279               	subwf	___lldiv@dividend+3,w
   704  0044  1D03               	skipz
   705  0045  2850               	goto	u165
   706  0046  0874               	movf	___lldiv@divisor+2,w
   707  0047  0278               	subwf	___lldiv@dividend+2,w
   708  0048  1D03               	skipz
   709  0049  2850               	goto	u165
   710  004A  0873               	movf	___lldiv@divisor+1,w
   711  004B  0277               	subwf	___lldiv@dividend+1,w
   712  004C  1D03               	skipz
   713  004D  2850               	goto	u165
   714  004E  0872               	movf	___lldiv@divisor,w
   715  004F  0276               	subwf	___lldiv@dividend,w
   716  0050                     u165:
   717  0050  1C03               	skipc
   718  0051  2853               	goto	u161
   719  0052  2854               	goto	u160
   720  0053                     u161:
   721  0053  2863               	goto	l775
   722  0054                     u160:
   723  0054                     l771:
   724  0054  0872               	movf	___lldiv@divisor,w
   725  0055  02F6               	subwf	___lldiv@dividend,f
   726  0056  0873               	movf	___lldiv@divisor+1,w
   727  0057  1C03               	skipc
   728  0058  0F73               	incfsz	___lldiv@divisor+1,w
   729  0059  02F7               	subwf	___lldiv@dividend+1,f
   730  005A  0874               	movf	___lldiv@divisor+2,w
   731  005B  1C03               	skipc
   732  005C  0F74               	incfsz	___lldiv@divisor+2,w
   733  005D  02F8               	subwf	___lldiv@dividend+2,f
   734  005E  0875               	movf	___lldiv@divisor+3,w
   735  005F  1C03               	skipc
   736  0060  0F75               	incfsz	___lldiv@divisor+3,w
   737  0061  02F9               	subwf	___lldiv@dividend+3,f
   738  0062                     l773:
   739  0062  1420               	bsf	___lldiv@quotient,0
   740  0063                     l775:
   741  0063  3001               	movlw	1
   742  0064                     u175:
   743  0064  1003               	clrc
   744  0065  0CF5               	rrf	___lldiv@divisor+3,f
   745  0066  0CF4               	rrf	___lldiv@divisor+2,f
   746  0067  0CF3               	rrf	___lldiv@divisor+1,f
   747  0068  0CF2               	rrf	___lldiv@divisor,f
   748  0069  3EFF               	addlw	-1
   749  006A  1D03               	skipz
   750  006B  2864               	goto	u175
   751  006C                     l777:
   752  006C  3001               	movlw	1
   753  006D  02A4               	subwf	___lldiv@counter,f
   754  006E  1D03               	btfss	3,2
   755  006F  2871               	goto	u181
   756  0070  2872               	goto	u180
   757  0071                     u181:
   758  0071  2839               	goto	l767
   759  0072                     u180:
   760  0072                     l779:
   761  0072  0823               	movf	___lldiv@quotient+3,w
   762  0073  00F5               	movwf	?___lldiv+3
   763  0074  0822               	movf	___lldiv@quotient+2,w
   764  0075  00F4               	movwf	?___lldiv+2
   765  0076  0821               	movf	___lldiv@quotient+1,w
   766  0077  00F3               	movwf	?___lldiv+1
   767  0078  0820               	movf	___lldiv@quotient,w
   768  0079  00F2               	movwf	?___lldiv
   769  007A                     l201:
   770  007A  0008               	return
   771  007B                     __end_of___lldiv:
   772                           
   773                           	psect	text4
   774  00D0                     __ptext4:	
   775 ;; *************** function _ISR *****************
   776 ;; Defined at:
   777 ;;		line 43 in file "main.c"
   778 ;; Parameters:    Size  Location     Type
   779 ;;		None
   780 ;; Auto vars:     Size  Location     Type
   781 ;;		None
   782 ;; Return value:  Size  Location     Type
   783 ;;                  1    wreg      void 
   784 ;; Registers used:
   785 ;;		None
   786 ;; Tracked objects:
   787 ;;		On entry : 0/0
   788 ;;		On exit  : 0/0
   789 ;;		Unchanged: 0/0
   790 ;; Data sizes:     COMMON   BANK0   BANK1   BANK3   BANK2
   791 ;;      Params:         0       0       0       0       0
   792 ;;      Locals:         0       0       0       0       0
   793 ;;      Temps:          2       0       0       0       0
   794 ;;      Totals:         2       0       0       0       0
   795 ;;Total ram usage:        2 bytes
   796 ;; Hardware stack levels used:    1
   797 ;; This function calls:
   798 ;;		Nothing
   799 ;; This function is called by:
   800 ;;		Interrupt level 1
   801 ;; This function uses a non-reentrant model
   802 ;;
   803                           
   804                           
   805                           ;psect for function _ISR
   806  00D0                     _ISR:
   807  00D0                     i1l13:
   808  00D0  0871               	movf	??_ISR+1,w
   809  00D1  008A               	movwf	10
   810  00D2  0E70               	swapf	??_ISR,w
   811  00D3  0083               	movwf	3
   812  00D4  0EFE               	swapf	btemp,f
   813  00D5  0E7E               	swapf	btemp,w
   814  00D6  0009               	retfie
   815  00D7                     __end_of_ISR:
   816  007E                     btemp	set	126	;btemp
   817  007E                     wtemp0	set	126
   818                           
   819                           	psect	intentry
   820  0004                     __pintentry:	
   821                           ;incstack = 0
   822                           ; Regs used in _ISR: []
   823                           
   824  0004                     interrupt_function:
   825  007E                     saved_w	set	btemp
   826  0004  00FE               	movwf	btemp
   827  0005  0E03               	swapf	3,w
   828  0006  00F0               	movwf	??_ISR
   829  0007  080A               	movf	10,w
   830  0008  00F1               	movwf	??_ISR+1
   831  0009  120A  118A  28D0   	ljmp	_ISR
   832                           
   833                           	psect	config
   834                           
   835                           ;Config register CONFIG1 @ 0x2007
   836                           ;	Oscillator Selection bits
   837                           ;	FOSC = INTRC_NOCLKOUT, INTOSCIO oscillator: I/O function on RA6/OSC2/CLKOUT pin, I/O f
      +                          unction on RA7/OSC1/CLKIN
   838                           ;	Watchdog Timer Enable bit
   839                           ;	WDTE = OFF, WDT disabled and can be enabled by SWDTEN bit of the WDTCON register
   840                           ;	Power-up Timer Enable bit
   841                           ;	PWRTE = OFF, PWRT disabled
   842                           ;	RE3/MCLR pin function select bit
   843                           ;	MCLRE = OFF, RE3/MCLR pin function is digital input, MCLR internally tied to VDD
   844                           ;	Code Protection bit
   845                           ;	CP = OFF, Program memory code protection is disabled
   846                           ;	Data Code Protection bit
   847                           ;	CPD = OFF, Data memory code protection is disabled
   848                           ;	Brown Out Reset Selection bits
   849                           ;	BOREN = OFF, BOR disabled
   850                           ;	Internal External Switchover bit
   851                           ;	IESO = OFF, Internal/External Switchover mode is disabled
   852                           ;	Fail-Safe Clock Monitor Enabled bit
   853                           ;	FCMEN = OFF, Fail-Safe Clock Monitor is disabled
   854                           ;	Low Voltage Programming Enable bit
   855                           ;	LVP = OFF, RB3 pin has digital I/O, HV on MCLR must be used for programming
   856                           ;	In-Circuit Debugger Mode bit
   857                           ;	DEBUG = 0x1, unprogrammed default
   858  2007                     	org	8199
   859  2007  20D4               	dw	8404
   860                           
   861                           ;Config register CONFIG2 @ 0x2008
   862                           ;	Brown-out Reset Selection bit
   863                           ;	BOR4V = BOR40V, Brown-out Reset set to 4.0V
   864                           ;	Flash Program Memory Self Write Enable bits
   865                           ;	WRT = OFF, Write protection off
   866  2008                     	org	8200
   867  2008  3FFF               	dw	16383

Data Sizes:
    Strings     0
    Constant    0
    Data        0
    BSS         0
    Persistent  0
    Stack       0

Auto Spaces:
    Space          Size  Autos    Used
    COMMON           14     11      11
    BANK0            80     13      13
    BANK1            80      0       0
    BANK3            96      0       0
    BANK2            96      0       0

Pointer List with Targets:

    None.

Critical Paths under _main in COMMON

    _I2C_Master_Init->___lldiv

Critical Paths under _ISR in COMMON

    None.

Critical Paths under _main in BANK0

    _Setup->_I2C_Master_Init
    _I2C_Master_Init->___lldiv

Critical Paths under _ISR in BANK0

    None.

Critical Paths under _main in BANK1

    None.

Critical Paths under _ISR in BANK1

    None.

Critical Paths under _main in BANK3

    None.

Critical Paths under _ISR in BANK3

    None.

Critical Paths under _main in BANK2

    None.

Critical Paths under _ISR in BANK2

    None.

Call Graph Tables:

 ---------------------------------------------------------------------------------
 (Depth) Function   	        Calls       Base Space   Used Autos Params    Refs
 ---------------------------------------------------------------------------------
 (0) _main                                                 0     0      0     412
                              _Setup
 ---------------------------------------------------------------------------------
 (1) _Setup                                                0     0      0     412
                    _I2C_Master_Init
 ---------------------------------------------------------------------------------
 (2) _I2C_Master_Init                                      8     4      4     412
                                              5 BANK0      8     4      4
                            ___lldiv
 ---------------------------------------------------------------------------------
 (3) ___lldiv                                             14     6      8     314
                                              2 COMMON     9     1      8
                                              0 BANK0      5     5      0
 ---------------------------------------------------------------------------------
 Estimated maximum stack depth 3
 ---------------------------------------------------------------------------------
 (Depth) Function   	        Calls       Base Space   Used Autos Params    Refs
 ---------------------------------------------------------------------------------
 (4) _ISR                                                  2     2      0       0
                                              0 COMMON     2     2      0
 ---------------------------------------------------------------------------------
 Estimated maximum stack depth 4
 ---------------------------------------------------------------------------------

 Call Graph Graphs:

 _main (ROOT)
   _Setup
     _I2C_Master_Init
       ___lldiv

 _ISR (ROOT)

 Address spaces:
Name               Size   Autos  Total    Cost      Usage
BITCOMMON            E      0       0       0        0.0%
EEDATA             100      0       0       0        0.0%
NULL                 0      0       0       0        0.0%
CODE                 0      0       0       0        0.0%
COMMON               E      B       B       1       78.6%
BITSFR0              0      0       0       1        0.0%
SFR0                 0      0       0       1        0.0%
BITSFR1              0      0       0       2        0.0%
SFR1                 0      0       0       2        0.0%
STACK                0      0       0       2        0.0%
ABS                  0      0       0       3        0.0%
BITBANK0            50      0       0       4        0.0%
BITSFR3              0      0       0       4        0.0%
SFR3                 0      0       0       4        0.0%
BANK0               50      D       D       5       16.2%
BITSFR2              0      0       0       5        0.0%
SFR2                 0      0       0       5        0.0%
BITBANK1            50      0       0       6        0.0%
BANK1               50      0       0       7        0.0%
BITBANK3            60      0       0       8        0.0%
BANK3               60      0       0       9        0.0%
BITBANK2            60      0       0      10        0.0%
BANK2               60      0       0      11        0.0%
DATA                 0      0       0      12        0.0%


Microchip Technology PIC Macro Assembler V2.31 build 20201012212115 
Symbol Table                                                                                   Tue Feb 23 16:43:32 2021

                      l24 00C6                        l18 00CC                        l19 00CC  
                      l53 00B2                       l201 007A                       l761 0025  
                     l771 0054                       l763 0028                       l773 0062  
                     l765 0035                       l775 0063                       l767 0039  
                     l759 0013                       l791 00B0                       l783 007B  
                     l777 006C                       l769 0042                       l793 00B1  
                     l785 007F                       l779 0072                       l787 0082  
                     l795 00B3                       l789 00AF                       l797 00B7  
                     l799 00C7                       _GIE 005F                       u120 0025  
                     u121 0024                       u140 0039                       u141 0038  
                     u135 002A                       u160 0054                       u161 0053  
                     u155 003B                       u180 0072                       u181 0071  
                     u165 0050                       u190 0092                       u175 0064  
                     u195 008D                       _ISR 00D0                      ?_ISR 0070  
                    _PEIE 005E                      i1l13 00D0                      _main 00C7  
                    btemp 007E                      start 000C                     ??_ISR 0070  
        ?_I2C_Master_Init 0025                     ?_main 0070                     _ANSEL 0188  
         __end_of___lldiv 007B                     _SSPIE 0463                     _SSPIF 0063  
                   _Setup 00B3                     pclath 000A                     status 0003  
                   wtemp0 007E           __initialization 000F              __end_of_main 00D0  
                  ??_main 007B                    ?_Setup 0070                    _ANSELH 0189  
                  _SSPADD 0093                    _TRISC3 043B                    _TRISC4 043C  
                  _SSPCON 0014                    _SSPBUF 0013                 ??___lldiv 007A  
                  saved_w 007E   __end_of__initialization 000F            __pcstackCOMMON 0070  
           __end_of_Setup 00C7                   ??_Setup 007B                __pmaintext 00C7  
              __pintentry 0004                   _SSPCON2 0091                   _SSPSTAT 0094  
                 ___lldiv 0013                   __ptext1 00B3                   __ptext2 007B  
                 __ptext3 0013                   __ptext4 00D0              __size_of_ISR 0007  
__size_of_I2C_Master_Init 0038      end_of_initialization 000F           ___lldiv@divisor 0072  
         ___lldiv@counter 0024          I2C_Master_Init@c 0025                 _TRISCbits 0087  
     start_initialization 000F               __end_of_ISR 00D7         ??_I2C_Master_Init 0029  
               ___latbits 0002             __pcstackBANK0 0020                  ?___lldiv 0072  
          __size_of_Setup 0014         interrupt_function 0004          __size_of___lldiv 0068  
         _I2C_Master_Init 007B             __size_of_main 0009                  intlevel1 0000  
        ___lldiv@dividend 0076   __end_of_I2C_Master_Init 00B3          ___lldiv@quotient 0020  
             _SSPCON2bits 0091  
